app/build/intermediates/manifest_merge_blame_file/debug/processDebugMainManifest/manifest-merger-blame-debug-report.txt
1<?xml version="1.0" encoding="utf-8"?>
2<manifest xmlns:android="http://schemas.android.com/apk/res/android"
3    package="com.example.faceboxdemo"
4    android:versionCode="1"
5    android:versionName="1.0" >
6
7    <uses-sdk
8        android:minSdkVersion="24"
9        android:targetSdkVersion="34" />
10
11    <uses-permission android:name="android.permission.CAMERA" />
11-->src/main/AndroidManifest.xml:4:5-65
11-->src/main/AndroidManifest.xml:4:22-62
12
13    <uses-feature
13-->src/main/AndroidManifest.xml:6:5-89
14        android:name="android.hardware.camera.any"
14-->src/main/AndroidManifest.xml:6:19-61
15        android:required="false" />
15-->src/main/AndroidManifest.xml:6:62-86
16
17    <permission
17-->[androidx.core:core:1.13.1] AndroidManifest.xml:22:5-24:47
18        android:name="com.example.faceboxdemo.DYNAMIC_RECEIVER_NOT_EXPORTED_PERMISSION"
18-->[androidx.core:core:1.13.1] AndroidManifest.xml:23:9-81
19        android:protectionLevel="signature" />
19-->[androidx.core:core:1.13.1] AndroidManifest.xml:24:9-44
20
21    <uses-permission android:name="com.example.faceboxdemo.DYNAMIC_RECEIVER_NOT_EXPORTED_PERMISSION" /> <!-- Although the *SdkVersion is captured in gradle build files, this is required for non gradle builds -->
21-->[androidx.core:core:1.13.1] AndroidManifest.xml:26:5-97
21-->[androidx.core:core:1.13.1] AndroidManifest.xml:26:22-94
22    <!-- <uses-sdk android:minSdkVersion="14"/> -->
23    <uses-permission android:name="android.permission.ACCESS_NETWORK_STATE" />
23-->[com.google.android.datatransport:transport-backend-cct:2.3.3] AndroidManifest.xml:25:5-79
23-->[com.google.android.datatransport:transport-backend-cct:2.3.3] AndroidManifest.xml:25:22-76
24    <uses-permission android:name="android.permission.INTERNET" />
24-->[com.google.android.datatransport:transport-backend-cct:2.3.3] AndroidManifest.xml:26:5-67
24-->[com.google.android.datatransport:transport-backend-cct:2.3.3] AndroidManifest.xml:26:22-64
25
26    <application
26-->src/main/AndroidManifest.xml:8:5-21:19
27        android:allowBackup="true"
27-->src/main/AndroidManifest.xml:10:9-35
28        android:appComponentFactory="androidx.core.app.CoreComponentFactory"
28-->[androidx.core:core:1.13.1] AndroidManifest.xml:28:18-86
29        android:debuggable="true"
30        android:extractNativeLibs="false"
31        android:label="@string/app_name"
31-->src/main/AndroidManifest.xml:9:9-41
32        android:supportsRtl="true"
32-->src/main/AndroidManifest.xml:12:9-35
33        android:testOnly="true"
34        android:theme="@style/Theme.AppCompat.Light.DarkActionBar" >
34-->src/main/AndroidManifest.xml:11:9-67
35        <activity
35-->src/main/AndroidManifest.xml:13:9-20:20
36            android:name="com.example.faceboxdemo.MainActivity"
36-->src/main/AndroidManifest.xml:14:13-41
37            android:exported="true" >
37-->src/main/AndroidManifest.xml:15:13-36
38            <intent-filter>
38-->src/main/AndroidManifest.xml:16:13-19:29
39                <action android:name="android.intent.action.MAIN" />
39-->src/main/AndroidManifest.xml:17:17-69
39-->src/main/AndroidManifest.xml:17:25-66
40
41                <category android:name="android.intent.category.LAUNCHER" />
41-->src/main/AndroidManifest.xml:18:17-77
41-->src/main/AndroidManifest.xml:18:27-74
42            </intent-filter>
43        </activity>
44
45        <service
45-->[androidx.camera:camera-camera2:1.4.2] AndroidManifest.xml:24:9-33:19
46            android:name="androidx.camera.core.impl.MetadataHolderService"
46-->[androidx.camera:camera-camera2:1.4.2] AndroidManifest.xml:25:13-75
47            android:enabled="false"
47-->[androidx.camera:camera-camera2:1.4.2] AndroidManifest.xml:26:13-36
48            android:exported="false" >
48-->[androidx.camera:camera-camera2:1.4.2] AndroidManifest.xml:27:13-37
49            <meta-data
49-->[androidx.camera:camera-camera2:1.4.2] AndroidManifest.xml:30:13-32:89
50                android:name="androidx.camera.core.impl.MetadataHolderService.DEFAULT_CONFIG_PROVIDER"
50-->[androidx.camera:camera-camera2:1.4.2] AndroidManifest.xml:31:17-103
51                android:value="androidx.camera.camera2.Camera2Config$DefaultProvider" />
51-->[androidx.camera:camera-camera2:1.4.2] AndroidManifest.xml:32:17-86
52        </service>
53        <service
53-->[com.google.android.gms:play-services-mlkit-face-detection:17.1.0] AndroidManifest.xml:9:9-15:19
54            android:name="com.google.mlkit.common.internal.MlKitComponentDiscoveryService"
54-->[com.google.android.gms:play-services-mlkit-face-detection:17.1.0] AndroidManifest.xml:10:13-91
55            android:directBootAware="true"
55-->[com.google.mlkit:common:18.11.0] AndroidManifest.xml:17:13-43
56            android:exported="false" >
56-->[com.google.android.gms:play-services-mlkit-face-detection:17.1.0] AndroidManifest.xml:11:13-37
57            <meta-data
57-->[com.google.android.gms:play-services-mlkit-face-detection:17.1.0] AndroidManifest.xml:12:13-14:85
58                android:name="com.google.firebase.components:com.google.mlkit.vision.face.internal.FaceRegistrar"
58-->[com.google.android.gms:play-services-mlkit-face-detection:17.1.0] AndroidManifest.xml:13:17-114
59                android:value="com.google.firebase.components.ComponentRegistrar" />
59-->[com.google.android.gms:play-services-mlkit-face-detection:17.1.0] AndroidManifest.xml:14:17-82
60            <meta-data
60-->[com.google.mlkit:vision-common:17.2.0] AndroidManifest.xml:12:13-14:85
61                android:name="com.google.firebase.components:com.google.mlkit.vision.common.internal.VisionCommonRegistrar"
61-->[com.google.mlkit:vision-common:17.2.0] AndroidManifest.xml:13:17-124
62                android:value="com.google.firebase.components.ComponentRegistrar" />
62-->[com.google.mlkit:vision-common:17.2.0] AndroidManifest.xml:14:17-82
63            <meta-data
63-->[com.google.mlkit:common:18.11.0] AndroidManifest.xml:20:13-22:85
64                android:name="com.google.firebase.components:com.google.mlkit.common.internal.CommonComponentRegistrar"
64-->[com.google.mlkit:common:18.11.0] AndroidManifest.xml:21:17-120
65                android:value="com.google.firebase.components.ComponentRegistrar" />
65-->[com.google.mlkit:common:18.11.0] AndroidManifest.xml:22:17-82
66        </service>
67
68        <provider
68-->[com.google.mlkit:common:18.11.0] AndroidManifest.xml:9:9-13:38
69            android:name="com.google.mlkit.common.internal.MlKitInitProvider"
69-->[com.google.mlkit:common:18.11.0] AndroidManifest.xml:10:13-78
70            android:authorities="com.example.faceboxdemo.mlkitinitprovider"
70-->[com.google.mlkit:common:18.11.0] AndroidManifest.xml:11:13-69
71            android:exported="false"
71-->[com.google.mlkit:common:18.11.0] AndroidManifest.xml:12:13-37
72            android:initOrder="99" />
72-->[com.google.mlkit:common:18.11.0] AndroidManifest.xml:13:13-35
73        <provider
73-->[androidx.emoji2:emoji2:1.3.0] AndroidManifest.xml:24:9-32:20
74            android:name="androidx.startup.InitializationProvider"
74-->[androidx.emoji2:emoji2:1.3.0] AndroidManifest.xml:25:13-67
75            android:authorities="com.example.faceboxdemo.androidx-startup"
75-->[androidx.emoji2:emoji2:1.3.0] AndroidManifest.xml:26:13-68
76            android:exported="false" >
76-->[androidx.emoji2:emoji2:1.3.0] AndroidManifest.xml:27:13-37
77            <meta-data
77-->[androidx.emoji2:emoji2:1.3.0] AndroidManifest.xml:29:13-31:52
78                android:name="androidx.emoji2.text.EmojiCompatInitializer"
78-->[androidx.emoji2:emoji2:1.3.0] AndroidManifest.xml:30:17-75
79                android:value="androidx.startup" />
79-->[androidx.emoji2:emoji2:1.3.0] AndroidManifest.xml:31:17-49
80            <meta-data
80-->[androidx.lifecycle:lifecycle-process:2.6.2] AndroidManifest.xml:29:13-31:52
81                android:name="androidx.lifecycle.ProcessLifecycleInitializer"
81-->[androidx.lifecycle:lifecycle-process:2.6.2] AndroidManifest.xml:30:17-78
82                android:value="androidx.startup" />
82-->[androidx.lifecycle:lifecycle-process:2.6.2] AndroidManifest.xml:31:17-49
83            <meta-data
83-->[androidx.profileinstaller:profileinstaller:1.3.1] AndroidManifest.xml:29:13-31:52
84                android:name="androidx.profileinstaller.ProfileInstallerInitializer"
84-->[androidx.profileinstaller:profileinstaller:1.3.1] AndroidManifest.xml:30:17-85
85                android:value="androidx.startup" />
85-->[androidx.profileinstaller:profileinstaller:1.3.1] AndroidManifest.xml:31:17-49
86        </provider>
87
88        <activity
88-->[com.google.android.gms:play-services-base:18.5.0] AndroidManifest.xml:5:9-173
89            android:name="com.google.android.gms.common.api.GoogleApiActivity"
89-->[com.google.android.gms:play-services-base:18.5.0] AndroidManifest.xml:5:19-85
90            android:exported="false"
90-->[com.google.android.gms:play-services-base:18.5.0] AndroidManifest.xml:5:146-170
91            android:theme="@android:style/Theme.Translucent.NoTitleBar" />
91-->[com.google.android.gms:play-services-base:18.5.0] AndroidManifest.xml:5:86-145
92
93        <meta-data
93-->[com.google.android.gms:play-services-basement:18.4.0] AndroidManifest.xml:6:9-122
94            android:name="com.google.android.gms.version"
94-->[com.google.android.gms:play-services-basement:18.4.0] AndroidManifest.xml:6:20-65
95            android:value="@integer/google_play_services_version" />
95-->[com.google.android.gms:play-services-basement:18.4.0] AndroidManifest.xml:6:66-119
96
97        <receiver
97-->[androidx.profileinstaller:profileinstaller:1.3.1] AndroidManifest.xml:34:9-52:20
98            android:name="androidx.profileinstaller.ProfileInstallReceiver"
98-->[androidx.profileinstaller:profileinstaller:1.3.1] AndroidManifest.xml:35:13-76
99            android:directBootAware="false"
99-->[androidx.profileinstaller:profileinstaller:1.3.1] AndroidManifest.xml:36:13-44
100            android:enabled="true"
100-->[androidx.profileinstaller:profileinstaller:1.3.1] AndroidManifest.xml:37:13-35
101            android:exported="true"
101-->[androidx.profileinstaller:profileinstaller:1.3.1] AndroidManifest.xml:38:13-36
102            android:permission="android.permission.DUMP" >
102-->[androidx.profileinstaller:profileinstaller:1.3.1] AndroidManifest.xml:39:13-57
103            <intent-filter>
103-->[androidx.profileinstaller:profileinstaller:1.3.1] AndroidManifest.xml:40:13-42:29
104                <action android:name="androidx.profileinstaller.action.INSTALL_PROFILE" />
104-->[androidx.profileinstaller:profileinstaller:1.3.1] AndroidManifest.xml:41:17-91
104-->[androidx.profileinstaller:profileinstaller:1.3.1] AndroidManifest.xml:41:25-88
105            </intent-filter>
106            <intent-filter>
106-->[androidx.profileinstaller:profileinstaller:1.3.1] AndroidManifest.xml:43:13-45:29
107                <action android:name="androidx.profileinstaller.action.SKIP_FILE" />
107-->[androidx.profileinstaller:profileinstaller:1.3.1] AndroidManifest.xml:44:17-85
107-->[androidx.profileinstaller:profileinstaller:1.3.1] AndroidManifest.xml:44:25-82
108            </intent-filter>
109            <intent-filter>
109-->[androidx.profileinstaller:profileinstaller:1.3.1] AndroidManifest.xml:46:13-48:29
110                <action android:name="androidx.profileinstaller.action.SAVE_PROFILE" />
110-->[androidx.profileinstaller:profileinstaller:1.3.1] AndroidManifest.xml:47:17-88
110-->[androidx.profileinstaller:profileinstaller:1.3.1] AndroidManifest.xml:47:25-85
111            </intent-filter>
112            <intent-filter>
112-->[androidx.profileinstaller:profileinstaller:1.3.1] AndroidManifest.xml:49:13-51:29
113                <action android:name="androidx.profileinstaller.action.BENCHMARK_OPERATION" />
113-->[androidx.profileinstaller:profileinstaller:1.3.1] AndroidManifest.xml:50:17-95
113-->[androidx.profileinstaller:profileinstaller:1.3.1] AndroidManifest.xml:50:25-92
114            </intent-filter>
115        </receiver>
116
117        <service
117-->[com.google.android.datatransport:transport-backend-cct:2.3.3] AndroidManifest.xml:29:9-35:19
118            android:name="com.google.android.datatransport.runtime.backends.TransportBackendDiscovery"
118-->[com.google.android.datatransport:transport-backend-cct:2.3.3] AndroidManifest.xml:30:13-103
119            android:exported="false" >
119-->[com.google.android.datatransport:transport-backend-cct:2.3.3] AndroidManifest.xml:31:13-37
120            <meta-data
120-->[com.google.android.datatransport:transport-backend-cct:2.3.3] AndroidManifest.xml:32:13-34:39
121                android:name="backend:com.google.android.datatransport.cct.CctBackendFactory"
121-->[com.google.android.datatransport:transport-backend-cct:2.3.3] AndroidManifest.xml:33:17-94
122                android:value="cct" />
122-->[com.google.android.datatransport:transport-backend-cct:2.3.3] AndroidManifest.xml:34:17-36
123        </service>
124        <service
124-->[com.google.android.datatransport:transport-runtime:2.2.6] AndroidManifest.xml:26:9-30:19
125            android:name="com.google.android.datatransport.runtime.scheduling.jobscheduling.JobInfoSchedulerService"
125-->[com.google.android.datatransport:transport-runtime:2.2.6] AndroidManifest.xml:27:13-117
126            android:exported="false"
126-->[com.google.android.datatransport:transport-runtime:2.2.6] AndroidManifest.xml:28:13-37
127            android:permission="android.permission.BIND_JOB_SERVICE" >
127-->[com.google.android.datatransport:transport-runtime:2.2.6] AndroidManifest.xml:29:13-69
128        </service>
129
130        <receiver
130-->[com.google.android.datatransport:transport-runtime:2.2.6] AndroidManifest.xml:32:9-34:40
131            android:name="com.google.android.datatransport.runtime.scheduling.jobscheduling.AlarmManagerSchedulerBroadcastReceiver"
131-->[com.google.android.datatransport:transport-runtime:2.2.6] AndroidManifest.xml:33:13-132
132            android:exported="false" />
132-->[com.google.android.datatransport:transport-runtime:2.2.6] AndroidManifest.xml:34:13-37
133    </application>
134
135</manifest>